<?xml version="1.0" encoding="UTF-8"?>
<!-- Generated by org.testng.reporters.JUnitReportReporter -->
<testsuite skipped="0" hostname="ANDY" name="runner.TestRunner" tests="1" failures="0" timestamp="08 Mar 2020 17:05:36 GMT" time="48.349" errors="0">
  <testcase name="feature" time="48.349" classname="runner.TestRunner"/>
</testsuite> <!-- runner.TestRunner -->
