<?xml version="1.0" encoding="UTF-8"?>
<!-- Generated by org.testng.reporters.JUnitReportReporter -->
<testsuite skipped="0" hostname="ANDY" name="runner.TestRunnerSmoke" tests="2" failures="0" timestamp="11 Jun 2020 08:49:56 GMT" time="41.138" errors="1">
  <testcase name="feature" time="41.118" classname="runner.TestRunnerSmoke"/>
  <testcase name="feature" time="0.020" classname="runner.TestRunnerSmoke">
    <error type="cucumber.runtime.CucumberException" message="Only one formatter can use STDOUT, now both pretty and pretty use it. If you use more than one formatter you must specify output path with PLUGIN:PATH_OR_URL">
      <![CDATA[cucumber.runtime.CucumberException: Only one formatter can use STDOUT, now both pretty and pretty use it. If you use more than one formatter you must specify output path with PLUGIN:PATH_OR_URL
at cucumber.runtime.formatter.PluginFactory.defaultOutOrFailIfAlreadyUsed(PluginFactory.java:185)
at cucumber.runtime.formatter.PluginFactory.convertOrNull(PluginFactory.java:144)
at cucumber.runtime.formatter.PluginFactory.instantiate(PluginFactory.java:99)
at cucumber.runtime.formatter.PluginFactory.create(PluginFactory.java:87)
at cucumber.runtime.RuntimeOptions.getPlugins(RuntimeOptions.java:245)
at cucumber.runtime.RuntimeOptions$1.invoke(RuntimeOptions.java:291)
at com.sun.proxy.$Proxy17.uri(Unknown Source)
at cucumber.runtime.model.CucumberFeature.run(CucumberFeature.java:160)
at cucumber.api.testng.TestNGCucumberRunner.runCucumber(TestNGCucumberRunner.java:63)
at runner.TestRunnerSmoke.feature(TestRunnerSmoke.java:53)
at sun.reflect.NativeMethodAccessorImpl.invoke0(Native Method)
at sun.reflect.NativeMethodAccessorImpl.invoke(NativeMethodAccessorImpl.java:62)
at sun.reflect.DelegatingMethodAccessorImpl.invoke(DelegatingMethodAccessorImpl.java:43)
at java.lang.reflect.Method.invoke(Method.java:498)
at org.testng.internal.MethodInvocationHelper.invokeMethod(MethodInvocationHelper.java:124)
at org.testng.internal.Invoker.invokeMethod(Invoker.java:583)
at org.testng.internal.Invoker.invokeTestMethod(Invoker.java:719)
at org.testng.internal.TestMethodWithDataProviderMethodWorker.call(TestMethodWithDataProviderMethodWorker.java:71)
at org.testng.internal.TestMethodWithDataProviderMethodWorker.call(TestMethodWithDataProviderMethodWorker.java:14)
at java.util.concurrent.FutureTask.run(FutureTask.java:266)
at java.util.concurrent.Executors$RunnableAdapter.call(Executors.java:511)
at java.util.concurrent.FutureTask.run(FutureTask.java:266)
at java.util.concurrent.ThreadPoolExecutor.runWorker(ThreadPoolExecutor.java:1149)
at java.util.concurrent.ThreadPoolExecutor$Worker.run(ThreadPoolExecutor.java:624)
at java.lang.Thread.run(Thread.java:748)
]]>
    </error>
  </testcase> <!-- feature -->
</testsuite> <!-- runner.TestRunnerSmoke -->
